2020-01-15 11:43:18.991 +08:00 [CatalogService] [Information] SkyApm.InstrumentStartup : Initializing ...
2020-01-15 11:43:19.107 +08:00 [CatalogService] [Information] SkyApm.Service.RegisterService : Loaded instrument service [SkyApm.Service.RegisterService].
2020-01-15 11:43:19.108 +08:00 [CatalogService] [Information] SkyApm.Service.PingService : Loaded instrument service [SkyApm.Service.PingService].
2020-01-15 11:43:19.108 +08:00 [CatalogService] [Information] SkyApm.Service.ServiceDiscoveryV5Service : Loaded instrument service [SkyApm.Service.ServiceDiscoveryV5Service].
2020-01-15 11:43:19.108 +08:00 [CatalogService] [Information] SkyApm.Service.SegmentReportService : Loaded instrument service [SkyApm.Service.SegmentReportService].
2020-01-15 11:43:19.110 +08:00 [CatalogService] [Information] SkyApm.Service.CLRStatsService : Loaded instrument service [SkyApm.Service.CLRStatsService].
2020-01-15 11:43:19.110 +08:00 [CatalogService] [Information] SkyApm.Sampling.SimpleCountSamplingInterceptor : Loaded instrument service [SkyApm.Sampling.SimpleCountSamplingInterceptor].
2020-01-15 11:43:19.110 +08:00 [CatalogService] [Information] SkyApm.Transport.Grpc.V6.ConnectService : Loaded instrument service [SkyApm.Transport.Grpc.V6.ConnectService].
2020-01-15 11:43:19.317 +08:00 [CatalogService] [Information] SkyApm.Diagnostics.TracingDiagnosticProcessorObserver : Loaded diagnostic listener [HttpHandlerDiagnosticListener].
2020-01-15 11:43:19.420 +08:00 [CatalogService] [Information] SkyApm.Service.RegisterService : Stopped instrument service RegisterService.
2020-01-15 11:43:19.420 +08:00 [CatalogService] [Information] SkyApm.Service.PingService : Stopped instrument service PingService.
2020-01-15 11:43:19.420 +08:00 [CatalogService] [Information] SkyApm.Service.ServiceDiscoveryV5Service : Stopped instrument service ServiceDiscoveryV5Service.
2020-01-15 11:43:19.420 +08:00 [CatalogService] [Information] SkyApm.Service.SegmentReportService : Stopped instrument service SegmentReportService.
2020-01-15 11:43:19.420 +08:00 [CatalogService] [Information] SkyApm.Service.CLRStatsService : Stopped instrument service CLRStatsService.
2020-01-15 11:43:19.420 +08:00 [CatalogService] [Information] SkyApm.Sampling.SimpleCountSamplingInterceptor : Stopped instrument service SimpleCountSamplingInterceptor.
2020-01-15 11:43:19.420 +08:00 [CatalogService] [Information] SkyApm.Transport.Grpc.V6.ConnectService : Stopped instrument service ConnectService.
2020-01-15 11:43:19.420 +08:00 [CatalogService] [Information] SkyApm.InstrumentStartup : Stopped SkyAPM .NET Core Agent.
2020-01-15 11:44:43.010 +08:00 [CatalogService] [Information] SkyApm.InstrumentStartup : Initializing ...
2020-01-15 11:44:43.044 +08:00 [CatalogService] [Information] SkyApm.Service.RegisterService : Loaded instrument service [SkyApm.Service.RegisterService].
2020-01-15 11:44:43.044 +08:00 [CatalogService] [Information] SkyApm.Service.PingService : Loaded instrument service [SkyApm.Service.PingService].
2020-01-15 11:44:43.044 +08:00 [CatalogService] [Information] SkyApm.Service.ServiceDiscoveryV5Service : Loaded instrument service [SkyApm.Service.ServiceDiscoveryV5Service].
2020-01-15 11:44:43.044 +08:00 [CatalogService] [Information] SkyApm.Service.SegmentReportService : Loaded instrument service [SkyApm.Service.SegmentReportService].
2020-01-15 11:44:43.044 +08:00 [CatalogService] [Information] SkyApm.Service.CLRStatsService : Loaded instrument service [SkyApm.Service.CLRStatsService].
2020-01-15 11:44:43.044 +08:00 [CatalogService] [Information] SkyApm.Sampling.SimpleCountSamplingInterceptor : Loaded instrument service [SkyApm.Sampling.SimpleCountSamplingInterceptor].
2020-01-15 11:44:43.045 +08:00 [CatalogService] [Information] SkyApm.Transport.Grpc.V6.ConnectService : Loaded instrument service [SkyApm.Transport.Grpc.V6.ConnectService].
2020-01-15 11:44:43.079 +08:00 [CatalogService] [Information] SkyApm.Diagnostics.TracingDiagnosticProcessorObserver : Loaded diagnostic listener [HttpHandlerDiagnosticListener].
2020-01-15 11:44:43.106 +08:00 [CatalogService] [Information] SkyApm.Service.RegisterService : Stopped instrument service RegisterService.
2020-01-15 11:44:43.106 +08:00 [CatalogService] [Information] SkyApm.Service.PingService : Stopped instrument service PingService.
2020-01-15 11:44:43.106 +08:00 [CatalogService] [Information] SkyApm.Service.ServiceDiscoveryV5Service : Stopped instrument service ServiceDiscoveryV5Service.
2020-01-15 11:44:43.106 +08:00 [CatalogService] [Information] SkyApm.Service.SegmentReportService : Stopped instrument service SegmentReportService.
2020-01-15 11:44:43.106 +08:00 [CatalogService] [Information] SkyApm.Service.CLRStatsService : Stopped instrument service CLRStatsService.
2020-01-15 11:44:43.106 +08:00 [CatalogService] [Information] SkyApm.Sampling.SimpleCountSamplingInterceptor : Stopped instrument service SimpleCountSamplingInterceptor.
2020-01-15 11:44:43.106 +08:00 [CatalogService] [Information] SkyApm.Transport.Grpc.V6.ConnectService : Stopped instrument service ConnectService.
2020-01-15 11:44:43.106 +08:00 [CatalogService] [Information] SkyApm.InstrumentStartup : Stopped SkyAPM .NET Core Agent.
2020-01-15 11:44:56.375 +08:00 [CatalogService] [Information] SkyApm.InstrumentStartup : Initializing ...
2020-01-15 11:44:56.411 +08:00 [CatalogService] [Information] SkyApm.Service.RegisterService : Loaded instrument service [SkyApm.Service.RegisterService].
2020-01-15 11:44:56.411 +08:00 [CatalogService] [Information] SkyApm.Service.PingService : Loaded instrument service [SkyApm.Service.PingService].
2020-01-15 11:44:56.411 +08:00 [CatalogService] [Information] SkyApm.Service.ServiceDiscoveryV5Service : Loaded instrument service [SkyApm.Service.ServiceDiscoveryV5Service].
2020-01-15 11:44:56.411 +08:00 [CatalogService] [Information] SkyApm.Service.SegmentReportService : Loaded instrument service [SkyApm.Service.SegmentReportService].
2020-01-15 11:44:56.412 +08:00 [CatalogService] [Information] SkyApm.Service.CLRStatsService : Loaded instrument service [SkyApm.Service.CLRStatsService].
2020-01-15 11:44:56.412 +08:00 [CatalogService] [Information] SkyApm.Sampling.SimpleCountSamplingInterceptor : Loaded instrument service [SkyApm.Sampling.SimpleCountSamplingInterceptor].
2020-01-15 11:44:56.412 +08:00 [CatalogService] [Information] SkyApm.Transport.Grpc.V6.ConnectService : Loaded instrument service [SkyApm.Transport.Grpc.V6.ConnectService].
2020-01-15 11:44:56.441 +08:00 [CatalogService] [Information] SkyApm.Diagnostics.TracingDiagnosticProcessorObserver : Loaded diagnostic listener [HttpHandlerDiagnosticListener].
2020-01-15 11:44:56.474 +08:00 [CatalogService] [Information] SkyApm.Service.RegisterService : Stopped instrument service RegisterService.
2020-01-15 11:44:56.475 +08:00 [CatalogService] [Information] SkyApm.Service.PingService : Stopped instrument service PingService.
2020-01-15 11:44:56.475 +08:00 [CatalogService] [Information] SkyApm.Service.ServiceDiscoveryV5Service : Stopped instrument service ServiceDiscoveryV5Service.
2020-01-15 11:44:56.475 +08:00 [CatalogService] [Information] SkyApm.Service.SegmentReportService : Stopped instrument service SegmentReportService.
2020-01-15 11:44:56.475 +08:00 [CatalogService] [Information] SkyApm.Service.CLRStatsService : Stopped instrument service CLRStatsService.
2020-01-15 11:44:56.475 +08:00 [CatalogService] [Information] SkyApm.Sampling.SimpleCountSamplingInterceptor : Stopped instrument service SimpleCountSamplingInterceptor.
2020-01-15 11:44:56.475 +08:00 [CatalogService] [Information] SkyApm.Transport.Grpc.V6.ConnectService : Stopped instrument service ConnectService.
2020-01-15 11:44:56.475 +08:00 [CatalogService] [Information] SkyApm.InstrumentStartup : Stopped SkyAPM .NET Core Agent.
2020-01-15 11:44:56.511 +08:00 [CatalogService] [Information] SkyApm.Transport.Grpc.ConnectionManager : Connected server[192.168.10.50:11800].
2020-01-15 11:47:16.289 +08:00 [CatalogService] [Information] SkyApm.InstrumentStartup : Initializing ...
2020-01-15 11:47:16.405 +08:00 [CatalogService] [Information] SkyApm.Service.RegisterService : Loaded instrument service [SkyApm.Service.RegisterService].
2020-01-15 11:47:16.406 +08:00 [CatalogService] [Information] SkyApm.Service.PingService : Loaded instrument service [SkyApm.Service.PingService].
2020-01-15 11:47:16.406 +08:00 [CatalogService] [Information] SkyApm.Service.ServiceDiscoveryV5Service : Loaded instrument service [SkyApm.Service.ServiceDiscoveryV5Service].
2020-01-15 11:47:16.406 +08:00 [CatalogService] [Information] SkyApm.Service.SegmentReportService : Loaded instrument service [SkyApm.Service.SegmentReportService].
2020-01-15 11:47:16.406 +08:00 [CatalogService] [Information] SkyApm.Service.CLRStatsService : Loaded instrument service [SkyApm.Service.CLRStatsService].
2020-01-15 11:47:16.406 +08:00 [CatalogService] [Information] SkyApm.Sampling.SimpleCountSamplingInterceptor : Loaded instrument service [SkyApm.Sampling.SimpleCountSamplingInterceptor].
2020-01-15 11:47:16.407 +08:00 [CatalogService] [Information] SkyApm.Transport.Grpc.V6.ConnectService : Loaded instrument service [SkyApm.Transport.Grpc.V6.ConnectService].
2020-01-15 11:47:16.547 +08:00 [CatalogService] [Information] SkyApm.Diagnostics.TracingDiagnosticProcessorObserver : Loaded diagnostic listener [HttpHandlerDiagnosticListener].
2020-01-15 11:47:16.585 +08:00 [CatalogService] [Information] SkyApm.Service.RegisterService : Stopped instrument service RegisterService.
2020-01-15 11:47:16.585 +08:00 [CatalogService] [Information] SkyApm.Service.PingService : Stopped instrument service PingService.
2020-01-15 11:47:16.585 +08:00 [CatalogService] [Information] SkyApm.Service.ServiceDiscoveryV5Service : Stopped instrument service ServiceDiscoveryV5Service.
2020-01-15 11:47:16.585 +08:00 [CatalogService] [Information] SkyApm.Service.SegmentReportService : Stopped instrument service SegmentReportService.
2020-01-15 11:47:16.585 +08:00 [CatalogService] [Information] SkyApm.Service.CLRStatsService : Stopped instrument service CLRStatsService.
2020-01-15 11:47:16.585 +08:00 [CatalogService] [Information] SkyApm.Sampling.SimpleCountSamplingInterceptor : Stopped instrument service SimpleCountSamplingInterceptor.
2020-01-15 11:47:16.585 +08:00 [CatalogService] [Information] SkyApm.Transport.Grpc.V6.ConnectService : Stopped instrument service ConnectService.
2020-01-15 11:47:16.585 +08:00 [CatalogService] [Information] SkyApm.InstrumentStartup : Stopped SkyAPM .NET Core Agent.
